Build started 11/17/2015 3:58:50 PM.
     1>Project "D:\Project\Project Euler\ProjectEuler\ProjectEuler\ProjectEuler.vcxproj" on node 2 (Build target(s)).
     1>ClCompile:
         P:\Microsoft Visual Studio 14.0\VC\bin\CL.exe /c /ZI /nologo /W3 /WX- /sdl /Od /Oy- /D WIN32 /D _DEBUG /D _CONSOLE /D _LIB /D _UNICODE /D UNICODE /Gm /EHsc /RTC1 /MDd /GS /fp:precise /Zc:wchar_t /Zc:forScope /Zc:inline /Yu"stdafx.h" /Fp"Debug\ProjectEuler.pch" /Fo"Debug\\" /Fd"Debug\vc140.pdb" /Gd /TP /analyze- /errorReport:prompt Problem9.cpp
         Problem9.cpp
     1>d:\project\project euler\projecteuler\projecteuler\problem9.cpp(11): warning C4101: 'a': unreferenced local variable
     1>d:\project\project euler\projecteuler\projecteuler\problem9.cpp(11): warning C4101: 'b': unreferenced local variable
     1>d:\project\project euler\projecteuler\projecteuler\problem9.cpp(11): warning C4101: 'c': unreferenced local variable
       Link:
         P:\Microsoft Visual Studio 14.0\VC\bin\link.exe /ERRORREPORT:PROMPT /OUT:"D:\Project\Project Euler\ProjectEuler\Debug\ProjectEuler.exe" /INCREMENTAL /NOLOGO kernel32.lib user32.lib gdi32.lib winspool.lib comdlg32.lib advapi32.lib shell32.lib ole32.lib oleaut32.lib uuid.lib odbc32.lib odbccp32.lib /MANIFEST /MANIFESTUAC:"level='asInvoker' uiAccess='false'" /manifest:embed /Debug /PDB:"D:\Project\Project Euler\ProjectEuler\Debug\ProjectEuler.pdb" /SUBSYSTEM:CONSOLE /TLBID:1 /DYNAMICBASE /NXCOMPAT /IMPLIB:"D:\Project\Project Euler\ProjectEuler\Debug\ProjectEuler.lib" /MACHINE:X86 Debug\Problem10.obj
         Debug\Problem2.obj
         Debug\Problem3.obj
         Debug\Problem4.obj
         Debug\Problem5.obj
         Debug\Problem6.obj
         Debug\Problem7.obj
         Debug\Problem8.obj
         Debug\Problem9.obj
         Debug\ProjectEuler.obj
         Debug\stdafx.obj
         ProjectEuler.vcxproj -> D:\Project\Project Euler\ProjectEuler\Debug\ProjectEuler.exe
     1>Done Building Project "D:\Project\Project Euler\ProjectEuler\ProjectEuler\ProjectEuler.vcxproj" (Build target(s)).

Build succeeded.

Time Elapsed 00:00:00.46
